0 info it worked if it ends with ok
1 verbose cli [ '/usr/local/Cellar/node/6.2.0/bin/node',
1 verbose cli   '/usr/local/bin/npm',
1 verbose cli   'run',
1 verbose cli   'test' ]
2 info using npm@3.8.9
3 info using node@v6.2.0
4 verbose run-script [ 'pretest', 'test', 'posttest' ]
5 info lifecycle particle-inclass@1.0.0~pretest: particle-inclass@1.0.0
6 silly lifecycle particle-inclass@1.0.0~pretest: no script for pretest, continuing
7 info lifecycle particle-inclass@1.0.0~test: particle-inclass@1.0.0
8 verbose lifecycle particle-inclass@1.0.0~test: unsafe-perm in lifecycle true
9 verbose lifecycle particle-inclass@1.0.0~test: PATH: /usr/local/lib/node_modules/npm/bin/node-gyp-bin:/Users/claytonmdrazner/Documents/CompSci_Files/CollegeCompCourses/comp431-WebDev/inclass-8/node_modules/.bin:/usr/local/Cellar/node/6.2.0/bin:/Users/claytonmdrazner/.npm_modules_global/bin:/usr/local/apache-maven-3.2.5/bin:/Library/Java/JavaVirtualMachines/jdk1.8.0_102.jdk/Contents/Home/bin:/Users/claytonmdrazner/CompSci/CollegeCompCourses/Comp413/apache-hive-2.1.0-bin/bin:/usr/local/heroku/bin:/Library/Frameworks/Python.framework/Versions/2.7/bin:/usr/local/bin:/usr/local/bin:/usr/bin:/bin:/usr/sbin:/sbin:/opt/X11/bin:/usr/local/git/bin:/usr/texbin:/Users/claytonmdrazner/bin/subl:/Users/claytonmdrazner/bin/sublime3:/Users/claytonmdrazner/bin/sublime2
10 verbose lifecycle particle-inclass@1.0.0~test: CWD: /Users/claytonmdrazner/Documents/CompSci_Files/CollegeCompCourses/comp431-WebDev/inclass-8
11 silly lifecycle particle-inclass@1.0.0~test: Args: [ '-c', 'mocha --opts mocha.opts src/**/*.spec.js' ]
12 silly lifecycle particle-inclass@1.0.0~test: Returned: code: 1  signal: null
13 info lifecycle particle-inclass@1.0.0~test: Failed to exec test script
14 verbose stack Error: particle-inclass@1.0.0 test: `mocha --opts mocha.opts src/**/*.spec.js`
14 verbose stack Exit status 1
14 verbose stack     at EventEmitter.<anonymous> (/usr/local/lib/node_modules/npm/lib/utils/lifecycle.js:245:16)
14 verbose stack     at emitTwo (events.js:106:13)
14 verbose stack     at EventEmitter.emit (events.js:191:7)
14 verbose stack     at ChildProcess.<anonymous> (/usr/local/lib/node_modules/npm/lib/utils/spawn.js:24:14)
14 verbose stack     at emitTwo (events.js:106:13)
14 verbose stack     at ChildProcess.emit (events.js:191:7)
14 verbose stack     at maybeClose (internal/child_process.js:850:16)
14 verbose stack     at Process.ChildProcess._handle.onexit (internal/child_process.js:215:5)
15 verbose pkgid particle-inclass@1.0.0
16 verbose cwd /Users/claytonmdrazner/Documents/CompSci_Files/CollegeCompCourses/comp431-WebDev/inclass-8
17 error Darwin 15.6.0
18 error argv "/usr/local/Cellar/node/6.2.0/bin/node" "/usr/local/bin/npm" "run" "test"
19 error node v6.2.0
20 error npm  v3.8.9
21 error code ELIFECYCLE
22 error particle-inclass@1.0.0 test: `mocha --opts mocha.opts src/**/*.spec.js`
22 error Exit status 1
23 error Failed at the particle-inclass@1.0.0 test script 'mocha --opts mocha.opts src/**/*.spec.js'.
23 error Make sure you have the latest version of node.js and npm installed.
23 error If you do, this is most likely a problem with the particle-inclass package,
23 error not with npm itself.
23 error Tell the author that this fails on your system:
23 error     mocha --opts mocha.opts src/**/*.spec.js
23 error You can get information on how to open an issue for this project with:
23 error     npm bugs particle-inclass
23 error Or if that isn't available, you can get their info via:
23 error     npm owner ls particle-inclass
23 error There is likely additional logging output above.
24 verbose exit [ 1, true ]
