0 info it worked if it ends with ok
1 verbose cli [ '/usr/local/Cellar/node/7.5.0/bin/node',
1 verbose cli   '/Users/claytonmdrazner/.npm-packages/bin/npm',
1 verbose cli   'run',
1 verbose cli   'mocha' ]
2 info using npm@4.1.2
3 info using node@v7.5.0
4 verbose run-script [ 'premocha', 'mocha', 'postmocha' ]
5 info lifecycle starter@1.0.0~premocha: starter@1.0.0
6 silly lifecycle starter@1.0.0~premocha: no script for premocha, continuing
7 info lifecycle starter@1.0.0~mocha: starter@1.0.0
8 verbose lifecycle starter@1.0.0~mocha: unsafe-perm in lifecycle true
9 verbose lifecycle starter@1.0.0~mocha: PATH: /Users/claytonmdrazner/.npm-packages/lib/node_modules/npm/bin/node-gyp-bin:/Users/claytonmdrazner/Documents/CompSci_Files/CollegeCompCourses/comp431-WebDev/inclass-11/helloRedux/node_modules/.bin:/usr/local/bin:/usr/local/sbin:/usr/bin:/bin:/usr/sbin:/sbin:/opt/X11/bin:/usr/local/git/bin:/usr/texbin:/Users/claytonmdrazner/.npm-packages/bin:/Users/claytonmdrazner/.npm_modules_global/bin:/usr/local/apache-maven-3.2.5/bin:/Library/Java/JavaVirtualMachines/jdk1.8.0_102.jdk/Contents/Home/bin:/Users/claytonmdrazner/CompSci/CollegeCompCourses/Comp413/apache-hive-2.1.0-bin/bin:/usr/local/heroku/bin:/Library/Frameworks/Python.framework/Versions/2.7/bin:/Users/claytonmdrazner/bin/subl:/Users/claytonmdrazner/bin/sublime3:/Users/claytonmdrazner/bin/sublime2
10 verbose lifecycle starter@1.0.0~mocha: CWD: /Users/claytonmdrazner/Documents/CompSci_Files/CollegeCompCourses/comp431-WebDev/inclass-11/helloRedux
11 silly lifecycle starter@1.0.0~mocha: Args: [ '-c', 'mocha --opts mocha.opts src/**/*.spec.js' ]
12 silly lifecycle starter@1.0.0~mocha: Returned: code: 1  signal: null
13 info lifecycle starter@1.0.0~mocha: Failed to exec mocha script
14 verbose stack Error: starter@1.0.0 mocha: `mocha --opts mocha.opts src/**/*.spec.js`
14 verbose stack Exit status 1
14 verbose stack     at EventEmitter.<anonymous> (/Users/claytonmdrazner/.npm-packages/lib/node_modules/npm/lib/utils/lifecycle.js:279:16)
14 verbose stack     at emitTwo (events.js:106:13)
14 verbose stack     at EventEmitter.emit (events.js:192:7)
14 verbose stack     at ChildProcess.<anonymous> (/Users/claytonmdrazner/.npm-packages/lib/node_modules/npm/lib/utils/spawn.js:40:14)
14 verbose stack     at emitTwo (events.js:106:13)
14 verbose stack     at ChildProcess.emit (events.js:192:7)
14 verbose stack     at maybeClose (internal/child_process.js:890:16)
14 verbose stack     at Process.ChildProcess._handle.onexit (internal/child_process.js:226:5)
15 verbose pkgid starter@1.0.0
16 verbose cwd /Users/claytonmdrazner/Documents/CompSci_Files/CollegeCompCourses/comp431-WebDev/inclass-11/helloRedux
17 error Darwin 15.6.0
18 error argv "/usr/local/Cellar/node/7.5.0/bin/node" "/Users/claytonmdrazner/.npm-packages/bin/npm" "run" "mocha"
19 error node v7.5.0
20 error npm  v4.1.2
21 error code ELIFECYCLE
22 error starter@1.0.0 mocha: `mocha --opts mocha.opts src/**/*.spec.js`
22 error Exit status 1
23 error Failed at the starter@1.0.0 mocha script 'mocha --opts mocha.opts src/**/*.spec.js'.
23 error Make sure you have the latest version of node.js and npm installed.
23 error If you do, this is most likely a problem with the starter package,
23 error not with npm itself.
23 error Tell the author that this fails on your system:
23 error     mocha --opts mocha.opts src/**/*.spec.js
23 error You can get information on how to open an issue for this project with:
23 error     npm bugs starter
23 error Or if that isn't available, you can get their info via:
23 error     npm owner ls starter
23 error There is likely additional logging output above.
24 verbose exit [ 1, true ]
